<?xml version="1.0" encoding="UTF-8"?>
<testng-results ignored="0" total="2" passed="2" failed="0" skipped="0">
  <reporter-output>
  </reporter-output>
  <suite started-at="2023-05-24T17:28:50 IST" name="Default suite" finished-at="2023-05-24T17:29:06 IST" duration-ms="16617">
    <groups>
      <group name="cucumber">
        <method signature="AbstractTestNGCucumberTests.runScenario(io.cucumber.testng.PickleWrapper,io.cucumber.testng.FeatureWrapper)[pri:0, instance:TestLauncher.TestRunner@1f6c9cd8]" name="runScenario" class="io.cucumber.testng.AbstractTestNGCucumberTests"/>
      </group> <!-- cucumber -->
    </groups>
    <test started-at="2023-05-24T17:28:50 IST" name="Default test" finished-at="2023-05-24T17:29:06 IST" duration-ms="16617">
      <class name="TestLauncher.TestRunner">
        <test-method is-config="true" signature="setUpClass(org.testng.ITestContext)[pri:0, instance:TestLauncher.TestRunner@1f6c9cd8]" started-at="2023-05-24T17:28:50 IST" name="setUpClass" finished-at="2023-05-24T17:28:50 IST" duration-ms="462" status="PASS">
          <params>
            <param index="0">
              <value>
                <![CDATA[org.testng.TestRunner@7ff40324]]>
              </value>
            </param>
          </params>
          <reporter-output>
          </reporter-output>
        </test-method> <!-- setUpClass -->
        <test-method signature="runScenario(io.cucumber.testng.PickleWrapper,io.cucumber.testng.FeatureWrapper)[pri:0, instance:TestLauncher.TestRunner@1f6c9cd8]" started-at="2023-05-24T17:28:50 IST" name="runScenario" description="Runs Cucumber Scenarios" data-provider="scenarios" finished-at="2023-05-24T17:28:58 IST" duration-ms="7560" status="PASS">
          <params>
            <param index="0">
              <value>
                <![CDATA["TC_001_Get_API"]]>
              </value>
            </param>
            <param index="1">
              <value>
                <![CDATA["Books Api TestCase"]]>
              </value>
            </param>
          </params>
          <reporter-output>
          </reporter-output>
        </test-method> <!-- runScenario -->
        <test-method signature="runScenario(io.cucumber.testng.PickleWrapper,io.cucumber.testng.FeatureWrapper)[pri:0, instance:TestLauncher.TestRunner@1f6c9cd8]" started-at="2023-05-24T17:28:58 IST" name="runScenario" description="Runs Cucumber Scenarios" data-provider="scenarios" finished-at="2023-05-24T17:29:06 IST" duration-ms="7947" status="PASS">
          <params>
            <param index="0">
              <value>
                <![CDATA["TC_002_POST_API_With Token"]]>
              </value>
            </param>
            <param index="1">
              <value>
                <![CDATA["Books Api TestCase"]]>
              </value>
            </param>
          </params>
          <reporter-output>
          </reporter-output>
        </test-method> <!-- runScenario -->
        <test-method is-config="true" signature="tearDownClass()[pri:0, instance:TestLauncher.TestRunner@1f6c9cd8]" started-at="2023-05-24T17:29:06 IST" name="tearDownClass" finished-at="2023-05-24T17:29:06 IST" duration-ms="604" status="PASS">
          <reporter-output>
          </reporter-output>
        </test-method> <!-- tearDownClass -->
      </class> <!-- TestLauncher.TestRunner -->
    </test> <!-- Default test -->
  </suite> <!-- Default suite -->
</testng-results>
